2024/07/07 04:04:40 [notice] 1#1: using the "epoll" event method
2024/07/07 04:04:40 [notice] 1#1: nginx/1.27.0
2024/07/07 04:04:40 [notice] 1#1: built by gcc 13.2.1 20231014 (Alpine 13.2.1_git20231014) 
2024/07/07 04:04:40 [notice] 1#1: OS: Linux 5.15.133.1-microsoft-standard-WSL2
2024/07/07 04:04:40 [notice] 1#1: getrlimit(RLIMIT_NOFILE): 1048576:1048576
2024/07/07 04:04:40 [notice] 1#1: start worker processes
2024/07/07 04:04:40 [notice] 1#1: start worker process 30
2024/07/07 04:04:40 [notice] 1#1: start worker process 31
2024/07/07 04:04:40 [notice] 1#1: start worker process 32
2024/07/07 04:04:40 [notice] 1#1: start worker process 33
2024/07/07 04:05:22 [error] 31#31: *3 open() "/usr/share/nginx/html/index.php" failed (2: No such file or directory), client: 192.168.0.1, server: localhost, request: "GET /index.php HTTP/1.1", host: "127.0.0.1:8000"
2024/07/07 04:05:22 [error] 31#31: *3 open() "/usr/share/nginx/html/index.php" failed (2: No such file or directory), client: 192.168.0.1, server: localhost, request: "GET /index.php HTTP/1.1", host: "127.0.0.1:8000"
2024/07/07 04:15:12 [notice] 1#1: signal 3 (SIGQUIT) received, shutting down
2024/07/07 04:15:12 [notice] 30#30: gracefully shutting down
2024/07/07 04:15:12 [notice] 31#31: gracefully shutting down
2024/07/07 04:15:12 [notice] 32#32: gracefully shutting down
2024/07/07 04:15:12 [notice] 33#33: gracefully shutting down
2024/07/07 04:15:12 [notice] 30#30: exiting
2024/07/07 04:15:12 [notice] 31#31: exiting
2024/07/07 04:15:12 [notice] 32#32: exiting
2024/07/07 04:15:12 [notice] 33#33: exiting
2024/07/07 04:15:12 [notice] 30#30: exit
2024/07/07 04:15:12 [notice] 31#31: exit
2024/07/07 04:15:12 [notice] 32#32: exit
2024/07/07 04:15:12 [notice] 33#33: exit
2024/07/07 04:15:12 [notice] 1#1: signal 17 (SIGCHLD) received from 31
2024/07/07 04:15:12 [notice] 1#1: worker process 31 exited with code 0
2024/07/07 04:15:12 [notice] 1#1: signal 29 (SIGIO) received
2024/07/07 04:15:13 [notice] 1#1: signal 17 (SIGCHLD) received from 32
2024/07/07 04:15:13 [notice] 1#1: worker process 32 exited with code 0
2024/07/07 04:15:13 [notice] 1#1: signal 29 (SIGIO) received
2024/07/07 04:15:13 [notice] 1#1: signal 17 (SIGCHLD) received from 33
2024/07/07 04:15:13 [notice] 1#1: worker process 33 exited with code 0
2024/07/07 04:15:13 [notice] 1#1: signal 29 (SIGIO) received
2024/07/07 04:15:13 [notice] 1#1: signal 17 (SIGCHLD) received from 30
2024/07/07 04:15:13 [notice] 1#1: worker process 30 exited with code 0
2024/07/07 04:15:13 [notice] 1#1: exit
2024/07/07 04:15:26 [notice] 1#1: using the "epoll" event method
2024/07/07 04:15:26 [notice] 1#1: nginx/1.27.0
2024/07/07 04:15:26 [notice] 1#1: built by gcc 13.2.1 20231014 (Alpine 13.2.1_git20231014) 
2024/07/07 04:15:26 [notice] 1#1: OS: Linux 5.15.133.1-microsoft-standard-WSL2
2024/07/07 04:15:26 [notice] 1#1: getrlimit(RLIMIT_NOFILE): 1048576:1048576
2024/07/07 04:15:26 [notice] 1#1: start worker processes
2024/07/07 04:15:26 [notice] 1#1: start worker process 30
2024/07/07 04:15:26 [notice] 1#1: start worker process 31
2024/07/07 04:15:26 [notice] 1#1: start worker process 32
2024/07/07 04:15:26 [notice] 1#1: start worker process 33
2024/07/07 04:15:58 [error] 30#30: *2 open() "/usr/share/nginx/html/index.php" failed (2: No such file or directory), client: 192.168.16.1, server: localhost, request: "GET /index.php HTTP/1.1", host: "127.0.0.1:8000"
2024/07/07 04:15:59 [error] 30#30: *2 open() "/usr/share/nginx/html/index.php" failed (2: No such file or directory), client: 192.168.16.1, server: localhost, request: "GET /index.php HTTP/1.1", host: "127.0.0.1:8000"
2024/07/07 14:47:06 [notice] 1#1: signal 3 (SIGQUIT) received, shutting down
2024/07/07 14:47:06 [notice] 32#32: gracefully shutting down
2024/07/07 14:47:06 [notice] 30#30: gracefully shutting down
2024/07/07 14:47:06 [notice] 31#31: gracefully shutting down
2024/07/07 14:47:06 [notice] 31#31: exiting
2024/07/07 14:47:06 [notice] 33#33: gracefully shutting down
2024/07/07 14:47:06 [notice] 32#32: exiting
2024/07/07 14:47:06 [notice] 30#30: exiting
2024/07/07 14:47:06 [notice] 30#30: exit
2024/07/07 14:47:06 [notice] 32#32: exit
2024/07/07 14:47:06 [notice] 33#33: exiting
2024/07/07 14:47:06 [notice] 33#33: exit
2024/07/07 14:47:06 [notice] 31#31: exit
2024/07/07 14:47:06 [notice] 1#1: signal 17 (SIGCHLD) received from 31
2024/07/07 14:47:06 [notice] 1#1: worker process 31 exited with code 0
2024/07/07 14:47:06 [notice] 1#1: worker process 32 exited with code 0
2024/07/07 14:47:06 [notice] 1#1: worker process 33 exited with code 0
2024/07/07 14:47:06 [notice] 1#1: signal 29 (SIGIO) received
2024/07/07 14:47:06 [notice] 1#1: signal 17 (SIGCHLD) received from 33
2024/07/07 14:47:06 [notice] 1#1: signal 17 (SIGCHLD) received from 30
2024/07/07 14:47:06 [notice] 1#1: worker process 30 exited with code 0
2024/07/07 14:47:06 [notice] 1#1: exit
2024/07/07 14:48:14 [notice] 1#1: using the "epoll" event method
2024/07/07 14:48:14 [notice] 1#1: nginx/1.27.0
2024/07/07 14:48:14 [notice] 1#1: built by gcc 13.2.1 20231014 (Alpine 13.2.1_git20231014) 
2024/07/07 14:48:14 [notice] 1#1: OS: Linux 5.15.133.1-microsoft-standard-WSL2
2024/07/07 14:48:14 [notice] 1#1: getrlimit(RLIMIT_NOFILE): 1048576:1048576
2024/07/07 14:48:14 [notice] 1#1: start worker processes
2024/07/07 14:48:14 [notice] 1#1: start worker process 30
2024/07/07 14:48:14 [notice] 1#1: start worker process 31
2024/07/07 14:48:14 [notice] 1#1: start worker process 32
2024/07/07 14:48:14 [notice] 1#1: start worker process 33
2024/07/07 14:50:57 [notice] 1#1: signal 3 (SIGQUIT) received, shutting down
2024/07/07 14:50:57 [notice] 31#31: gracefully shutting down
2024/07/07 14:50:57 [notice] 32#32: gracefully shutting down
2024/07/07 14:50:57 [notice] 30#30: gracefully shutting down
2024/07/07 14:50:57 [notice] 30#30: exiting
2024/07/07 14:50:57 [notice] 30#30: exit
2024/07/07 14:50:57 [notice] 33#33: gracefully shutting down
2024/07/07 14:50:57 [notice] 31#31: exiting
2024/07/07 14:50:57 [notice] 32#32: exiting
2024/07/07 14:50:57 [notice] 33#33: exiting
2024/07/07 14:50:57 [notice] 31#31: exit
2024/07/07 14:50:57 [notice] 32#32: exit
2024/07/07 14:50:57 [notice] 33#33: exit
2024/07/07 14:50:57 [notice] 1#1: signal 17 (SIGCHLD) received from 31
2024/07/07 14:50:57 [notice] 1#1: worker process 31 exited with code 0
2024/07/07 14:50:57 [notice] 1#1: worker process 32 exited with code 0
2024/07/07 14:50:57 [notice] 1#1: worker process 33 exited with code 0
2024/07/07 14:50:57 [notice] 1#1: signal 29 (SIGIO) received
2024/07/07 14:50:57 [notice] 1#1: signal 17 (SIGCHLD) received from 30
2024/07/07 14:50:57 [notice] 1#1: worker process 30 exited with code 0
2024/07/07 14:50:57 [notice] 1#1: exit
2024/07/07 14:57:32 [notice] 1#1: using the "epoll" event method
2024/07/07 14:57:32 [notice] 1#1: nginx/1.27.0
2024/07/07 14:57:32 [notice] 1#1: built by gcc 13.2.1 20231014 (Alpine 13.2.1_git20231014) 
2024/07/07 14:57:32 [notice] 1#1: OS: Linux 5.15.133.1-microsoft-standard-WSL2
2024/07/07 14:57:32 [notice] 1#1: getrlimit(RLIMIT_NOFILE): 1048576:1048576
2024/07/07 14:57:32 [notice] 1#1: start worker processes
2024/07/07 14:57:32 [notice] 1#1: start worker process 30
2024/07/07 14:57:32 [notice] 1#1: start worker process 31
2024/07/07 14:57:32 [notice] 1#1: start worker process 32
2024/07/07 14:57:32 [notice] 1#1: start worker process 33
2024/07/07 14:58:24 [notice] 1#1: signal 3 (SIGQUIT) received, shutting down
2024/07/07 14:58:24 [notice] 30#30: gracefully shutting down
2024/07/07 14:58:24 [notice] 31#31: gracefully shutting down
2024/07/07 14:58:24 [notice] 31#31: exiting
2024/07/07 14:58:24 [notice] 32#32: gracefully shutting down
2024/07/07 14:58:24 [notice] 32#32: exiting
2024/07/07 14:58:24 [notice] 33#33: gracefully shutting down
2024/07/07 14:58:24 [notice] 33#33: exiting
2024/07/07 14:58:24 [notice] 31#31: exit
2024/07/07 14:58:24 [notice] 32#32: exit
2024/07/07 14:58:24 [notice] 33#33: exit
2024/07/07 14:58:24 [notice] 1#1: signal 17 (SIGCHLD) received from 32
2024/07/07 14:58:24 [notice] 1#1: worker process 32 exited with code 0
2024/07/07 14:58:24 [notice] 1#1: worker process 33 exited with code 0
2024/07/07 14:58:24 [notice] 1#1: signal 29 (SIGIO) received
2024/07/07 14:58:24 [notice] 1#1: signal 17 (SIGCHLD) received from 31
2024/07/07 14:58:24 [notice] 1#1: worker process 31 exited with code 0
2024/07/07 14:58:24 [notice] 1#1: signal 29 (SIGIO) received
2024/07/07 14:58:29 [notice] 30#30: exiting
2024/07/07 14:58:29 [notice] 30#30: exit
2024/07/07 14:58:30 [notice] 1#1: signal 17 (SIGCHLD) received from 30
2024/07/07 14:58:30 [notice] 1#1: worker process 30 exited with code 0
2024/07/07 14:58:30 [notice] 1#1: exit
2024/07/07 14:58:39 [notice] 1#1: using the "epoll" event method
2024/07/07 14:58:39 [notice] 1#1: nginx/1.27.0
2024/07/07 14:58:39 [notice] 1#1: built by gcc 13.2.1 20231014 (Alpine 13.2.1_git20231014) 
2024/07/07 14:58:39 [notice] 1#1: OS: Linux 5.15.133.1-microsoft-standard-WSL2
2024/07/07 14:58:39 [notice] 1#1: getrlimit(RLIMIT_NOFILE): 1048576:1048576
2024/07/07 14:58:39 [notice] 1#1: start worker processes
2024/07/07 14:58:39 [notice] 1#1: start worker process 31
2024/07/07 14:58:39 [notice] 1#1: start worker process 32
2024/07/07 14:58:39 [notice] 1#1: start worker process 33
2024/07/07 14:58:39 [notice] 1#1: start worker process 34
2024/07/07 14:59:24 [notice] 1#1: signal 3 (SIGQUIT) received, shutting down
2024/07/07 14:59:24 [notice] 31#31: gracefully shutting down
2024/07/07 14:59:24 [notice] 32#32: gracefully shutting down
2024/07/07 14:59:24 [notice] 34#34: gracefully shutting down
2024/07/07 14:59:24 [notice] 33#33: gracefully shutting down
2024/07/07 14:59:24 [notice] 31#31: exiting
2024/07/07 14:59:24 [notice] 32#32: exiting
2024/07/07 14:59:24 [notice] 34#34: exiting
2024/07/07 14:59:24 [notice] 33#33: exiting
2024/07/07 14:59:24 [notice] 31#31: exit
2024/07/07 14:59:24 [notice] 33#33: exit
2024/07/07 14:59:24 [notice] 32#32: exit
2024/07/07 14:59:24 [notice] 34#34: exit
2024/07/07 14:59:24 [notice] 1#1: signal 17 (SIGCHLD) received from 31
2024/07/07 14:59:24 [notice] 1#1: worker process 31 exited with code 0
2024/07/07 14:59:24 [notice] 1#1: signal 29 (SIGIO) received
2024/07/07 14:59:24 [notice] 1#1: signal 17 (SIGCHLD) received from 34
2024/07/07 14:59:24 [notice] 1#1: worker process 34 exited with code 0
2024/07/07 14:59:24 [notice] 1#1: signal 29 (SIGIO) received
2024/07/07 14:59:24 [notice] 1#1: signal 17 (SIGCHLD) received from 33
2024/07/07 14:59:24 [notice] 1#1: worker process 32 exited with code 0
2024/07/07 14:59:24 [notice] 1#1: worker process 33 exited with code 0
2024/07/07 14:59:24 [notice] 1#1: exit
2024/07/07 14:59:39 [notice] 1#1: using the "epoll" event method
2024/07/07 14:59:39 [notice] 1#1: nginx/1.27.0
2024/07/07 14:59:39 [notice] 1#1: built by gcc 13.2.1 20231014 (Alpine 13.2.1_git20231014) 
2024/07/07 14:59:39 [notice] 1#1: OS: Linux 5.15.133.1-microsoft-standard-WSL2
2024/07/07 14:59:39 [notice] 1#1: getrlimit(RLIMIT_NOFILE): 1048576:1048576
2024/07/07 14:59:39 [notice] 1#1: start worker processes
2024/07/07 14:59:39 [notice] 1#1: start worker process 30
2024/07/07 14:59:39 [notice] 1#1: start worker process 31
2024/07/07 14:59:39 [notice] 1#1: start worker process 32
2024/07/07 14:59:39 [notice] 1#1: start worker process 33
2024/07/07 15:00:03 [notice] 1#1: signal 3 (SIGQUIT) received, shutting down
2024/07/07 15:00:03 [notice] 30#30: gracefully shutting down
2024/07/07 15:00:03 [notice] 32#32: gracefully shutting down
2024/07/07 15:00:03 [notice] 31#31: gracefully shutting down
2024/07/07 15:00:03 [notice] 33#33: gracefully shutting down
2024/07/07 15:00:03 [notice] 33#33: exiting
2024/07/07 15:00:03 [notice] 32#32: exiting
2024/07/07 15:00:03 [notice] 33#33: exit
2024/07/07 15:00:03 [notice] 32#32: exit
2024/07/07 15:00:03 [notice] 1#1: signal 17 (SIGCHLD) received from 32
2024/07/07 15:00:03 [notice] 1#1: worker process 32 exited with code 0
2024/07/07 15:00:03 [notice] 1#1: worker process 33 exited with code 0
2024/07/07 15:00:03 [notice] 1#1: signal 29 (SIGIO) received
2024/07/07 15:04:28 [notice] 1#1: using the "epoll" event method
2024/07/07 15:04:28 [notice] 1#1: nginx/1.27.0
2024/07/07 15:04:28 [notice] 1#1: built by gcc 13.2.1 20231014 (Alpine 13.2.1_git20231014) 
2024/07/07 15:04:28 [notice] 1#1: OS: Linux 5.15.133.1-microsoft-standard-WSL2
2024/07/07 15:04:28 [notice] 1#1: getrlimit(RLIMIT_NOFILE): 1048576:1048576
2024/07/07 15:04:28 [notice] 1#1: start worker processes
2024/07/07 15:04:28 [notice] 1#1: start worker process 29
2024/07/07 15:04:28 [notice] 1#1: start worker process 30
2024/07/07 15:04:28 [notice] 1#1: start worker process 31
2024/07/07 15:04:28 [notice] 1#1: start worker process 32
2024/07/07 15:08:03 [notice] 1#1: signal 3 (SIGQUIT) received, shutting down
2024/07/07 15:08:03 [notice] 29#29: gracefully shutting down
2024/07/07 15:08:03 [notice] 32#32: gracefully shutting down
2024/07/07 15:08:03 [notice] 31#31: gracefully shutting down
2024/07/07 15:08:03 [notice] 30#30: gracefully shutting down
2024/07/07 15:08:03 [notice] 29#29: exiting
2024/07/07 15:08:03 [notice] 32#32: exiting
2024/07/07 15:08:03 [notice] 31#31: exiting
2024/07/07 15:08:03 [notice] 30#30: exiting
2024/07/07 15:08:03 [notice] 29#29: exit
2024/07/07 15:08:03 [notice] 32#32: exit
2024/07/07 15:08:03 [notice] 31#31: exit
2024/07/07 15:08:03 [notice] 30#30: exit
2024/07/07 15:08:03 [notice] 1#1: signal 17 (SIGCHLD) received from 30
2024/07/07 15:08:03 [notice] 1#1: worker process 29 exited with code 0
2024/07/07 15:08:03 [notice] 1#1: worker process 30 exited with code 0
2024/07/07 15:08:03 [notice] 1#1: signal 29 (SIGIO) received
2024/07/07 15:08:03 [notice] 1#1: signal 17 (SIGCHLD) received from 32
2024/07/07 15:08:03 [notice] 1#1: worker process 31 exited with code 0
2024/07/07 15:08:03 [notice] 1#1: worker process 32 exited with code 0
2024/07/07 15:08:03 [notice] 1#1: exit
2024/07/07 15:13:12 [notice] 1#1: using the "epoll" event method
2024/07/07 15:13:12 [notice] 1#1: nginx/1.27.0
2024/07/07 15:13:12 [notice] 1#1: built by gcc 13.2.1 20231014 (Alpine 13.2.1_git20231014) 
2024/07/07 15:13:12 [notice] 1#1: OS: Linux 5.15.133.1-microsoft-standard-WSL2
2024/07/07 15:13:12 [notice] 1#1: getrlimit(RLIMIT_NOFILE): 1048576:1048576
2024/07/07 15:13:12 [notice] 1#1: start worker processes
2024/07/07 15:13:12 [notice] 1#1: start worker process 30
2024/07/07 15:13:12 [notice] 1#1: start worker process 31
2024/07/07 15:13:12 [notice] 1#1: start worker process 32
2024/07/07 15:13:12 [notice] 1#1: start worker process 33
2024/07/07 15:20:01 [notice] 1#1: signal 3 (SIGQUIT) received, shutting down
2024/07/07 15:20:01 [notice] 30#30: gracefully shutting down
2024/07/07 15:20:01 [notice] 30#30: exiting
2024/07/07 15:20:01 [notice] 33#33: gracefully shutting down
2024/07/07 15:20:01 [notice] 32#32: gracefully shutting down
2024/07/07 15:20:01 [notice] 31#31: gracefully shutting down
2024/07/07 15:20:01 [notice] 30#30: exit
2024/07/07 15:20:01 [notice] 33#33: exiting
2024/07/07 15:20:01 [notice] 32#32: exiting
2024/07/07 15:20:01 [notice] 33#33: exit
2024/07/07 15:20:01 [notice] 31#31: exiting
2024/07/07 15:20:01 [notice] 31#31: exit
2024/07/07 15:20:01 [notice] 32#32: exit
2024/07/07 15:20:02 [notice] 1#1: signal 17 (SIGCHLD) received from 30
2024/07/07 15:20:02 [notice] 1#1: worker process 30 exited with code 0
2024/07/07 15:20:02 [notice] 1#1: worker process 31 exited with code 0
2024/07/07 15:20:02 [notice] 1#1: signal 29 (SIGIO) received
2024/07/07 15:20:02 [notice] 1#1: signal 17 (SIGCHLD) received from 32
2024/07/07 15:20:02 [notice] 1#1: worker process 32 exited with code 0
2024/07/07 15:20:02 [notice] 1#1: worker process 33 exited with code 0
2024/07/07 15:20:02 [notice] 1#1: exit
2024/07/07 15:29:14 [notice] 1#1: using the "epoll" event method
2024/07/07 15:29:14 [notice] 1#1: nginx/1.27.0
2024/07/07 15:29:14 [notice] 1#1: built by gcc 13.2.1 20231014 (Alpine 13.2.1_git20231014) 
2024/07/07 15:29:14 [notice] 1#1: OS: Linux 5.15.133.1-microsoft-standard-WSL2
2024/07/07 15:29:14 [notice] 1#1: getrlimit(RLIMIT_NOFILE): 1048576:1048576
2024/07/07 15:29:14 [notice] 1#1: start worker processes
2024/07/07 15:29:14 [notice] 1#1: start worker process 30
2024/07/07 15:29:14 [notice] 1#1: start worker process 31
2024/07/07 15:29:14 [notice] 1#1: start worker process 32
2024/07/07 15:29:14 [notice] 1#1: start worker process 33
2024/07/07 15:37:41 [notice] 1#1: signal 3 (SIGQUIT) received, shutting down
2024/07/07 15:37:41 [notice] 30#30: gracefully shutting down
2024/07/07 15:37:41 [notice] 30#30: exiting
2024/07/07 15:37:41 [notice] 32#32: gracefully shutting down
2024/07/07 15:37:41 [notice] 32#32: exiting
2024/07/07 15:37:41 [notice] 33#33: gracefully shutting down
2024/07/07 15:37:41 [notice] 31#31: gracefully shutting down
2024/07/07 15:37:41 [notice] 30#30: exit
2024/07/07 15:37:41 [notice] 32#32: exit
2024/07/07 15:37:41 [notice] 33#33: exiting
2024/07/07 15:37:41 [notice] 33#33: exit
2024/07/07 15:37:41 [notice] 31#31: exiting
2024/07/07 15:37:41 [notice] 31#31: exit
2024/07/07 15:37:41 [notice] 1#1: signal 17 (SIGCHLD) received from 33
2024/07/07 15:37:41 [notice] 1#1: worker process 30 exited with code 0
2024/07/07 15:37:41 [notice] 1#1: worker process 31 exited with code 0
2024/07/07 15:37:41 [notice] 1#1: worker process 32 exited with code 0
2024/07/07 15:37:41 [notice] 1#1: worker process 33 exited with code 0
2024/07/07 15:37:41 [notice] 1#1: exit
2024/07/07 16:56:47 [notice] 1#1: using the "epoll" event method
2024/07/07 16:56:47 [notice] 1#1: nginx/1.27.0
2024/07/07 16:56:47 [notice] 1#1: built by gcc 13.2.1 20231014 (Alpine 13.2.1_git20231014) 
2024/07/07 16:56:47 [notice] 1#1: OS: Linux 5.15.133.1-microsoft-standard-WSL2
2024/07/07 16:56:47 [notice] 1#1: getrlimit(RLIMIT_NOFILE): 1048576:1048576
2024/07/07 16:56:47 [notice] 1#1: start worker processes
2024/07/07 16:56:47 [notice] 1#1: start worker process 31
2024/07/07 16:56:47 [notice] 1#1: start worker process 32
2024/07/07 16:56:47 [notice] 1#1: start worker process 33
2024/07/07 16:56:47 [notice] 1#1: start worker process 34
2024/07/07 22:11:23 [notice] 1#1: signal 3 (SIGQUIT) received, shutting down
2024/07/07 22:11:23 [notice] 32#32: gracefully shutting down
2024/07/07 22:11:23 [notice] 32#32: exiting
2024/07/07 22:11:23 [notice] 34#34: gracefully shutting down
2024/07/07 22:11:23 [notice] 31#31: gracefully shutting down
2024/07/07 22:11:23 [notice] 33#33: gracefully shutting down
2024/07/07 22:11:23 [notice] 32#32: exit
2024/07/07 22:11:23 [notice] 33#33: exiting
2024/07/07 22:11:23 [notice] 34#34: exiting
2024/07/07 22:11:23 [notice] 31#31: exiting
2024/07/07 22:11:23 [notice] 33#33: exit
2024/07/07 22:11:23 [notice] 34#34: exit
2024/07/07 22:11:23 [notice] 31#31: exit
2024/07/07 22:11:23 [notice] 1#1: signal 17 (SIGCHLD) received from 32
2024/07/07 22:11:23 [notice] 1#1: worker process 32 exited with code 0
2024/07/07 22:11:23 [notice] 1#1: signal 29 (SIGIO) received
2024/07/07 22:11:23 [notice] 1#1: signal 17 (SIGCHLD) received from 33
2024/07/07 22:11:23 [notice] 1#1: worker process 31 exited with code 0
2024/07/07 22:11:23 [notice] 1#1: worker process 33 exited with code 0
2024/07/07 22:11:23 [notice] 1#1: worker process 34 exited with code 0
2024/07/07 22:11:23 [notice] 1#1: exit
2024/07/07 22:20:23 [notice] 1#1: using the "epoll" event method
2024/07/07 22:20:23 [notice] 1#1: nginx/1.27.0
2024/07/07 22:20:23 [notice] 1#1: built by gcc 13.2.1 20231014 (Alpine 13.2.1_git20231014) 
2024/07/07 22:20:23 [notice] 1#1: OS: Linux 5.15.133.1-microsoft-standard-WSL2
2024/07/07 22:20:23 [notice] 1#1: getrlimit(RLIMIT_NOFILE): 1048576:1048576
2024/07/07 22:20:23 [notice] 1#1: start worker processes
2024/07/07 22:20:23 [notice] 1#1: start worker process 30
2024/07/07 22:20:23 [notice] 1#1: start worker process 31
2024/07/07 22:20:23 [notice] 1#1: start worker process 32
2024/07/07 22:20:23 [notice] 1#1: start worker process 33
2024/07/07 22:34:23 [notice] 1#1: signal 3 (SIGQUIT) received, shutting down
2024/07/07 22:34:23 [notice] 30#30: gracefully shutting down
2024/07/07 22:34:23 [notice] 33#33: gracefully shutting down
2024/07/07 22:34:23 [notice] 32#32: gracefully shutting down
2024/07/07 22:34:23 [notice] 31#31: gracefully shutting down
2024/07/07 22:34:23 [notice] 30#30: exiting
2024/07/07 22:34:23 [notice] 33#33: exiting
2024/07/07 22:34:23 [notice] 32#32: exiting
2024/07/07 22:34:23 [notice] 32#32: exit
2024/07/07 22:34:23 [notice] 31#31: exiting
2024/07/07 22:34:23 [notice] 30#30: exit
2024/07/07 22:34:23 [notice] 33#33: exit
2024/07/07 22:34:23 [notice] 31#31: exit
2024/07/07 22:34:23 [notice] 1#1: signal 17 (SIGCHLD) received from 31
2024/07/07 22:34:23 [notice] 1#1: worker process 30 exited with code 0
2024/07/07 22:34:23 [notice] 1#1: worker process 31 exited with code 0
2024/07/07 22:34:23 [notice] 1#1: signal 29 (SIGIO) received
2024/07/07 22:34:23 [notice] 1#1: signal 17 (SIGCHLD) received from 32
2024/07/07 22:34:23 [notice] 1#1: worker process 32 exited with code 0
2024/07/07 22:34:23 [notice] 1#1: worker process 33 exited with code 0
2024/07/07 22:34:23 [notice] 1#1: exit
2024/07/07 22:38:46 [notice] 1#1: using the "epoll" event method
2024/07/07 22:38:46 [notice] 1#1: nginx/1.27.0
2024/07/07 22:38:46 [notice] 1#1: built by gcc 13.2.1 20231014 (Alpine 13.2.1_git20231014) 
2024/07/07 22:38:46 [notice] 1#1: OS: Linux 5.15.133.1-microsoft-standard-WSL2
2024/07/07 22:38:46 [notice] 1#1: getrlimit(RLIMIT_NOFILE): 1048576:1048576
2024/07/07 22:38:46 [notice] 1#1: start worker processes
2024/07/07 22:38:46 [notice] 1#1: start worker process 30
2024/07/07 22:38:46 [notice] 1#1: start worker process 31
2024/07/07 22:38:46 [notice] 1#1: start worker process 32
2024/07/07 22:38:46 [notice] 1#1: start worker process 33
2024/07/07 22:47:23 [notice] 1#1: signal 3 (SIGQUIT) received, shutting down
2024/07/07 22:47:23 [notice] 32#32: gracefully shutting down
2024/07/07 22:47:23 [notice] 32#32: exiting
2024/07/07 22:47:23 [notice] 31#31: gracefully shutting down
2024/07/07 22:47:23 [notice] 31#31: exiting
2024/07/07 22:47:23 [notice] 33#33: gracefully shutting down
2024/07/07 22:47:23 [notice] 33#33: exiting
2024/07/07 22:47:23 [notice] 33#33: exit
2024/07/07 22:47:23 [notice] 32#32: exit
2024/07/07 22:47:23 [notice] 31#31: exit
2024/07/07 22:47:23 [notice] 30#30: gracefully shutting down
2024/07/07 22:47:23 [notice] 30#30: exiting
2024/07/07 22:47:23 [notice] 30#30: exit
2024/07/07 22:47:23 [notice] 1#1: signal 17 (SIGCHLD) received from 33
2024/07/07 22:47:23 [notice] 1#1: worker process 31 exited with code 0
2024/07/07 22:47:23 [notice] 1#1: worker process 33 exited with code 0
2024/07/07 22:47:23 [notice] 1#1: signal 29 (SIGIO) received
2024/07/07 22:47:23 [notice] 1#1: signal 17 (SIGCHLD) received from 32
2024/07/07 22:47:23 [notice] 1#1: worker process 32 exited with code 0
2024/07/07 22:47:23 [notice] 1#1: signal 29 (SIGIO) received
2024/07/07 22:47:23 [notice] 1#1: signal 17 (SIGCHLD) received from 30
2024/07/07 22:47:23 [notice] 1#1: worker process 30 exited with code 0
2024/07/07 22:47:23 [notice] 1#1: exit
2024/07/07 23:25:26 [notice] 1#1: using the "epoll" event method
2024/07/07 23:25:26 [notice] 1#1: nginx/1.27.0
2024/07/07 23:25:26 [notice] 1#1: built by gcc 13.2.1 20231014 (Alpine 13.2.1_git20231014) 
2024/07/07 23:25:26 [notice] 1#1: OS: Linux 5.15.133.1-microsoft-standard-WSL2
2024/07/07 23:25:26 [notice] 1#1: getrlimit(RLIMIT_NOFILE): 1048576:1048576
2024/07/07 23:25:26 [notice] 1#1: start worker processes
